<?xml version="1.0" encoding="UTF-8"?>
<!-- Generated by org.testng.reporters.JUnitXMLReporter -->
<testsuite ignored="0" hostname="Karito-707" failures="2" tests="2" name="LoginTests" time="0.781" errors="0" timestamp="2024-04-12T00:03:07 ICT">
  <testcase classname="MavenReport.MavenReport.LoginTest" name="testLogin" time="0.0">
    <failure type="org.testng.TestNGException" message="
Parameter &amp;apos;username&amp;apos; is required by @Test on method testLogin but has not been marked @Optional or defined
in C:\JAVA4_SPACE\Lab7KT\src\Test.xml">
      <![CDATA[org.testng.TestNGException: 
Parameter 'username' is required by @Test on method testLogin but has not been marked @Optional or defined
in C:\JAVA4_SPACE\Lab7KT\src\Test.xml
at java.base/java.util.ArrayList.forEach(ArrayList.java:1511)
... Removed 26 stack frames]]>
    </failure>
  </testcase> <!-- testLogin -->
  <testcase classname="MavenReport.MavenReport.LoginTest1" name="LoginTest1" time="0.713">
    <failure type="java.lang.AssertionError" message="Đăng nhập không thành công cho user: user1 expected [true] but found [false]">
      <![CDATA[java.lang.AssertionError: Đăng nhập không thành công cho user: user1 expected [true] but found [false]
at MavenReport.MavenReport.LoginTest1.LoginTest1(LoginTest1.java:26)
at java.base/java.util.ArrayList.forEach(ArrayList.java:1511)
... Removed 28 stack frames]]>
    </failure>
  </testcase> <!-- LoginTest1 -->
</testsuite> <!-- LoginTests -->
